CRITICAL - 2020-07-19 04:05:02 --> No connection could be made because the target machine actively refused it.

#0 E:\coding\xampp\htdocs\codeigniter4-app\vendor\codeigniter4\framework\system\Database\BaseConnection.php(377): CodeIgniter\Database\MySQLi\Connection->connect(false)
#1 E:\coding\xampp\htdocs\codeigniter4-app\vendor\codeigniter4\framework\system\Database\BaseConnection.php(643): CodeIgniter\Database\BaseConnection->initialize()
#2 E:\coding\xampp\htdocs\codeigniter4-app\vendor\codeigniter4\framework\system\Database\BaseBuilder.php(1845): CodeIgniter\Database\BaseConnection->query('SELECT *\nFROM `...', Array, false)
#3 E:\coding\xampp\htdocs\codeigniter4-app\vendor\codeigniter4\framework\system\Model.php(445): CodeIgniter\Database\BaseBuilder->get()
#4 E:\coding\xampp\htdocs\codeigniter4-app\app\Models\KomikModel.php(16): CodeIgniter\Model->findAll()
#5 E:\coding\xampp\htdocs\codeigniter4-app\app\Controllers\Komik.php(21): App\Models\KomikModel->getKomik()
#6 E:\coding\xampp\htdocs\codeigniter4-app\vendor\codeigniter4\framework\system\CodeIgniter.php(914): App\Controllers\Komik->index()
#7 E:\coding\xampp\htdocs\codeigniter4-app\vendor\codeigniter4\framework\system\CodeIgniter.php(400): CodeIgniter\CodeIgniter->runController(Object(App\Controllers\Komik))
#8 E:\coding\xampp\htdocs\codeigniter4-app\vendor\codeigniter4\framework\system\CodeIgniter.php(308): CodeIgniter\CodeIgniter->handleRequest(NULL, Object(Config\Cache), false)
#9 E:\coding\xampp\htdocs\codeigniter4-app\public\index.php(45): CodeIgniter\CodeIgniter->run()
#10 E:\coding\xampp\htdocs\codeigniter4-app\vendor\codeigniter4\framework\system\Commands\Server\rewrite.php(34): require_once('E:\\coding\\xampp...')
#11 {main}
CRITICAL - 2020-07-19 04:08:23 --> No connection could be made because the target machine actively refused it.

#0 E:\coding\xampp\htdocs\codeigniter4-app\vendor\codeigniter4\framework\system\Database\BaseConnection.php(377): CodeIgniter\Database\MySQLi\Connection->connect(false)
#1 E:\coding\xampp\htdocs\codeigniter4-app\vendor\codeigniter4\framework\system\Database\BaseConnection.php(643): CodeIgniter\Database\BaseConnection->initialize()
#2 E:\coding\xampp\htdocs\codeigniter4-app\vendor\codeigniter4\framework\system\Database\BaseBuilder.php(1845): CodeIgniter\Database\BaseConnection->query('SELECT *\nFROM `...', Array, false)
#3 E:\coding\xampp\htdocs\codeigniter4-app\vendor\codeigniter4\framework\system\Model.php(445): CodeIgniter\Database\BaseBuilder->get()
#4 E:\coding\xampp\htdocs\codeigniter4-app\app\Models\KomikModel.php(16): CodeIgniter\Model->findAll()
#5 E:\coding\xampp\htdocs\codeigniter4-app\app\Controllers\Komik.php(21): App\Models\KomikModel->getKomik()
#6 E:\coding\xampp\htdocs\codeigniter4-app\vendor\codeigniter4\framework\system\CodeIgniter.php(914): App\Controllers\Komik->index()
#7 E:\coding\xampp\htdocs\codeigniter4-app\vendor\codeigniter4\framework\system\CodeIgniter.php(400): CodeIgniter\CodeIgniter->runController(Object(App\Controllers\Komik))
#8 E:\coding\xampp\htdocs\codeigniter4-app\vendor\codeigniter4\framework\system\CodeIgniter.php(308): CodeIgniter\CodeIgniter->handleRequest(NULL, Object(Config\Cache), false)
#9 E:\coding\xampp\htdocs\codeigniter4-app\public\index.php(45): CodeIgniter\CodeIgniter->run()
#10 E:\coding\xampp\htdocs\codeigniter4-app\vendor\codeigniter4\framework\system\Commands\Server\rewrite.php(34): require_once('E:\\coding\\xampp...')
#11 {main}
CRITICAL - 2020-07-19 04:24:43 --> Call to undefined method CodeIgniter\Database\MySQLi\Forge::aaddField()
#0 E:\coding\xampp\htdocs\codeigniter4-app\vendor\codeigniter4\framework\system\Database\MigrationRunner.php(1060): App\Database\Migrations\Orang->up()
#1 E:\coding\xampp\htdocs\codeigniter4-app\vendor\codeigniter4\framework\system\Database\MigrationRunner.php(223): CodeIgniter\Database\MigrationRunner->migrate('up', Object(stdClass))
#2 E:\coding\xampp\htdocs\codeigniter4-app\vendor\codeigniter4\framework\system\Commands\Database\Migrate.php(128): CodeIgniter\Database\MigrationRunner->latest(NULL)
#3 E:\coding\xampp\htdocs\codeigniter4-app\vendor\codeigniter4\framework\system\CLI\CommandRunner.php(137): CodeIgniter\Commands\Database\Migrate->run(Array)
#4 E:\coding\xampp\htdocs\codeigniter4-app\vendor\codeigniter4\framework\system\CLI\CommandRunner.php(110): CodeIgniter\CLI\CommandRunner->runCommand('migrate', Array)
#5 E:\coding\xampp\htdocs\codeigniter4-app\vendor\codeigniter4\framework\system\CLI\CommandRunner.php(86): CodeIgniter\CLI\CommandRunner->index(Array)
#6 E:\coding\xampp\htdocs\codeigniter4-app\vendor\codeigniter4\framework\system\CodeIgniter.php(910): CodeIgniter\CLI\CommandRunner->_remap('index', 'migrate')
#7 E:\coding\xampp\htdocs\codeigniter4-app\vendor\codeigniter4\framework\system\CodeIgniter.php(400): CodeIgniter\CodeIgniter->runController(Object(CodeIgniter\CLI\CommandRunner))
#8 E:\coding\xampp\htdocs\codeigniter4-app\vendor\codeigniter4\framework\system\CodeIgniter.php(308): CodeIgniter\CodeIgniter->handleRequest(NULL, Object(Config\Cache), false)
#9 E:\coding\xampp\htdocs\codeigniter4-app\vendor\codeigniter4\framework\system\CLI\Console.php(86): CodeIgniter\CodeIgniter->run()
#10 E:\coding\xampp\htdocs\codeigniter4-app\spark(57): CodeIgniter\CLI\Console->run()
#11 {main}
CRITICAL - 2020-07-19 04:40:43 --> Class 'Codeigniter\I18n\Time' not found
#0 E:\coding\xampp\htdocs\codeigniter4-app\vendor\codeigniter4\framework\system\Database\Seeder.php(174): App\Database\Seeds\OrangSeeder->run()
#1 E:\coding\xampp\htdocs\codeigniter4-app\vendor\codeigniter4\framework\system\Commands\Database\Seed.php(124): CodeIgniter\Database\Seeder->call('App\\Database\\Se...')
#2 E:\coding\xampp\htdocs\codeigniter4-app\vendor\codeigniter4\framework\system\CLI\CommandRunner.php(137): CodeIgniter\Commands\Database\Seed->run(Array)
#3 E:\coding\xampp\htdocs\codeigniter4-app\vendor\codeigniter4\framework\system\CLI\CommandRunner.php(110): CodeIgniter\CLI\CommandRunner->runCommand('db:seed', Array)
#4 E:\coding\xampp\htdocs\codeigniter4-app\vendor\codeigniter4\framework\system\CLI\CommandRunner.php(86): CodeIgniter\CLI\CommandRunner->index(Array)
#5 E:\coding\xampp\htdocs\codeigniter4-app\vendor\codeigniter4\framework\system\CodeIgniter.php(910): CodeIgniter\CLI\CommandRunner->_remap('index', 'db:seed', 'OrangSeeder')
#6 E:\coding\xampp\htdocs\codeigniter4-app\vendor\codeigniter4\framework\system\CodeIgniter.php(400): CodeIgniter\CodeIgniter->runController(Object(CodeIgniter\CLI\CommandRunner))
#7 E:\coding\xampp\htdocs\codeigniter4-app\vendor\codeigniter4\framework\system\CodeIgniter.php(308): CodeIgniter\CodeIgniter->handleRequest(NULL, Object(Config\Cache), false)
#8 E:\coding\xampp\htdocs\codeigniter4-app\vendor\codeigniter4\framework\system\CLI\Console.php(86): CodeIgniter\CodeIgniter->run()
#9 E:\coding\xampp\htdocs\codeigniter4-app\spark(57): CodeIgniter\CLI\Console->run()
#10 {main}
CRITICAL - 2020-07-19 04:42:02 --> Class 'Codeigniter\I18n\Time' not found
#0 E:\coding\xampp\htdocs\codeigniter4-app\vendor\codeigniter4\framework\system\Database\Seeder.php(174): App\Database\Seeds\OrangSeeder->run()
#1 E:\coding\xampp\htdocs\codeigniter4-app\vendor\codeigniter4\framework\system\Commands\Database\Seed.php(124): CodeIgniter\Database\Seeder->call('App\\Database\\Se...')
#2 E:\coding\xampp\htdocs\codeigniter4-app\vendor\codeigniter4\framework\system\CLI\CommandRunner.php(137): CodeIgniter\Commands\Database\Seed->run(Array)
#3 E:\coding\xampp\htdocs\codeigniter4-app\vendor\codeigniter4\framework\system\CLI\CommandRunner.php(110): CodeIgniter\CLI\CommandRunner->runCommand('db:seed', Array)
#4 E:\coding\xampp\htdocs\codeigniter4-app\vendor\codeigniter4\framework\system\CLI\CommandRunner.php(86): CodeIgniter\CLI\CommandRunner->index(Array)
#5 E:\coding\xampp\htdocs\codeigniter4-app\vendor\codeigniter4\framework\system\CodeIgniter.php(910): CodeIgniter\CLI\CommandRunner->_remap('index', 'db:seed', 'OrangSeeder')
#6 E:\coding\xampp\htdocs\codeigniter4-app\vendor\codeigniter4\framework\system\CodeIgniter.php(400): CodeIgniter\CodeIgniter->runController(Object(CodeIgniter\CLI\CommandRunner))
#7 E:\coding\xampp\htdocs\codeigniter4-app\vendor\codeigniter4\framework\system\CodeIgniter.php(308): CodeIgniter\CodeIgniter->handleRequest(NULL, Object(Config\Cache), false)
#8 E:\coding\xampp\htdocs\codeigniter4-app\vendor\codeigniter4\framework\system\CLI\Console.php(86): CodeIgniter\CodeIgniter->run()
#9 E:\coding\xampp\htdocs\codeigniter4-app\spark(57): CodeIgniter\CLI\Console->run()
#10 {main}
