CRITICAL - 2020-07-07 08:07:26 --> Access denied for user ''@'localhost' (using password: NO)
#0 E:\coding\xampp\htdocs\php-codeigniter-4\vendor\codeigniter4\framework\system\Database\BaseConnection.php(377): CodeIgniter\Database\MySQLi\Connection->connect(false)
#1 E:\coding\xampp\htdocs\php-codeigniter-4\vendor\codeigniter4\framework\system\Database\BaseConnection.php(643): CodeIgniter\Database\BaseConnection->initialize()
#2 E:\coding\xampp\htdocs\php-codeigniter-4\vendor\codeigniter4\framework\system\Database\BaseBuilder.php(1845): CodeIgniter\Database\BaseConnection->query('SELECT *\nFROM `...', Array, false)
#3 E:\coding\xampp\htdocs\php-codeigniter-4\vendor\codeigniter4\framework\system\Model.php(445): CodeIgniter\Database\BaseBuilder->get()
#4 E:\coding\xampp\htdocs\php-codeigniter-4\app\Models\KomikModel.php(16): CodeIgniter\Model->findAll()
#5 E:\coding\xampp\htdocs\php-codeigniter-4\app\Controllers\Komik.php(21): App\Models\KomikModel->getKomik()
#6 E:\coding\xampp\htdocs\php-codeigniter-4\vendor\codeigniter4\framework\system\CodeIgniter.php(914): App\Controllers\Komik->index()
#7 E:\coding\xampp\htdocs\php-codeigniter-4\vendor\codeigniter4\framework\system\CodeIgniter.php(400): CodeIgniter\CodeIgniter->runController(Object(App\Controllers\Komik))
#8 E:\coding\xampp\htdocs\php-codeigniter-4\vendor\codeigniter4\framework\system\CodeIgniter.php(308): CodeIgniter\CodeIgniter->handleRequest(NULL, Object(Config\Cache), false)
#9 E:\coding\xampp\htdocs\php-codeigniter-4\public\index.php(45): CodeIgniter\CodeIgniter->run()
#10 E:\coding\xampp\htdocs\php-codeigniter-4\vendor\codeigniter4\framework\system\Commands\Server\rewrite.php(34): require_once('E:\\coding\\xampp...')
#11 {main}
CRITICAL - 2020-07-07 08:07:33 --> Access denied for user ''@'localhost' (using password: NO)
#0 E:\coding\xampp\htdocs\php-codeigniter-4\vendor\codeigniter4\framework\system\Database\BaseConnection.php(377): CodeIgniter\Database\MySQLi\Connection->connect(false)
#1 E:\coding\xampp\htdocs\php-codeigniter-4\vendor\codeigniter4\framework\system\Database\BaseConnection.php(643): CodeIgniter\Database\BaseConnection->initialize()
#2 E:\coding\xampp\htdocs\php-codeigniter-4\vendor\codeigniter4\framework\system\Database\BaseBuilder.php(1845): CodeIgniter\Database\BaseConnection->query('SELECT *\nFROM `...', Array, false)
#3 E:\coding\xampp\htdocs\php-codeigniter-4\vendor\codeigniter4\framework\system\Model.php(445): CodeIgniter\Database\BaseBuilder->get()
#4 E:\coding\xampp\htdocs\php-codeigniter-4\app\Models\KomikModel.php(16): CodeIgniter\Model->findAll()
#5 E:\coding\xampp\htdocs\php-codeigniter-4\app\Controllers\Komik.php(21): App\Models\KomikModel->getKomik()
#6 E:\coding\xampp\htdocs\php-codeigniter-4\vendor\codeigniter4\framework\system\CodeIgniter.php(914): App\Controllers\Komik->index()
#7 E:\coding\xampp\htdocs\php-codeigniter-4\vendor\codeigniter4\framework\system\CodeIgniter.php(400): CodeIgniter\CodeIgniter->runController(Object(App\Controllers\Komik))
#8 E:\coding\xampp\htdocs\php-codeigniter-4\vendor\codeigniter4\framework\system\CodeIgniter.php(308): CodeIgniter\CodeIgniter->handleRequest(NULL, Object(Config\Cache), false)
#9 E:\coding\xampp\htdocs\php-codeigniter-4\public\index.php(45): CodeIgniter\CodeIgniter->run()
#10 E:\coding\xampp\htdocs\php-codeigniter-4\vendor\codeigniter4\framework\system\Commands\Server\rewrite.php(34): require_once('E:\\coding\\xampp...')
#11 {main}
CRITICAL - 2020-07-07 08:07:39 --> Access denied for user ''@'localhost' (using password: NO)
#0 E:\coding\xampp\htdocs\php-codeigniter-4\vendor\codeigniter4\framework\system\Database\BaseConnection.php(377): CodeIgniter\Database\MySQLi\Connection->connect(false)
#1 E:\coding\xampp\htdocs\php-codeigniter-4\vendor\codeigniter4\framework\system\Database\BaseConnection.php(643): CodeIgniter\Database\BaseConnection->initialize()
#2 E:\coding\xampp\htdocs\php-codeigniter-4\vendor\codeigniter4\framework\system\Database\BaseBuilder.php(1845): CodeIgniter\Database\BaseConnection->query('SELECT *\nFROM `...', Array, false)
#3 E:\coding\xampp\htdocs\php-codeigniter-4\vendor\codeigniter4\framework\system\Model.php(445): CodeIgniter\Database\BaseBuilder->get()
#4 E:\coding\xampp\htdocs\php-codeigniter-4\app\Models\KomikModel.php(16): CodeIgniter\Model->findAll()
#5 E:\coding\xampp\htdocs\php-codeigniter-4\app\Controllers\Komik.php(21): App\Models\KomikModel->getKomik()
#6 E:\coding\xampp\htdocs\php-codeigniter-4\vendor\codeigniter4\framework\system\CodeIgniter.php(914): App\Controllers\Komik->index()
#7 E:\coding\xampp\htdocs\php-codeigniter-4\vendor\codeigniter4\framework\system\CodeIgniter.php(400): CodeIgniter\CodeIgniter->runController(Object(App\Controllers\Komik))
#8 E:\coding\xampp\htdocs\php-codeigniter-4\vendor\codeigniter4\framework\system\CodeIgniter.php(308): CodeIgniter\CodeIgniter->handleRequest(NULL, Object(Config\Cache), false)
#9 E:\coding\xampp\htdocs\php-codeigniter-4\public\index.php(45): CodeIgniter\CodeIgniter->run()
#10 E:\coding\xampp\htdocs\php-codeigniter-4\vendor\codeigniter4\framework\system\Commands\Server\rewrite.php(34): require_once('E:\\coding\\xampp...')
#11 {main}
CRITICAL - 2020-07-07 08:23:53 --> No connection could be made because the target machine actively refused it.

#0 E:\coding\xampp\htdocs\php-codeigniter-4\vendor\codeigniter4\framework\system\Database\BaseConnection.php(377): CodeIgniter\Database\MySQLi\Connection->connect(false)
#1 E:\coding\xampp\htdocs\php-codeigniter-4\vendor\codeigniter4\framework\system\Database\BaseConnection.php(643): CodeIgniter\Database\BaseConnection->initialize()
#2 E:\coding\xampp\htdocs\php-codeigniter-4\vendor\codeigniter4\framework\system\Database\BaseBuilder.php(1845): CodeIgniter\Database\BaseConnection->query('SELECT *\nFROM `...', Array, false)
#3 E:\coding\xampp\htdocs\php-codeigniter-4\vendor\codeigniter4\framework\system\Model.php(445): CodeIgniter\Database\BaseBuilder->get()
#4 E:\coding\xampp\htdocs\php-codeigniter-4\app\Models\KomikModel.php(16): CodeIgniter\Model->findAll()
#5 E:\coding\xampp\htdocs\php-codeigniter-4\app\Controllers\Komik.php(21): App\Models\KomikModel->getKomik()
#6 E:\coding\xampp\htdocs\php-codeigniter-4\vendor\codeigniter4\framework\system\CodeIgniter.php(914): App\Controllers\Komik->index()
#7 E:\coding\xampp\htdocs\php-codeigniter-4\vendor\codeigniter4\framework\system\CodeIgniter.php(400): CodeIgniter\CodeIgniter->runController(Object(App\Controllers\Komik))
#8 E:\coding\xampp\htdocs\php-codeigniter-4\vendor\codeigniter4\framework\system\CodeIgniter.php(308): CodeIgniter\CodeIgniter->handleRequest(NULL, Object(Config\Cache), false)
#9 E:\coding\xampp\htdocs\php-codeigniter-4\public\index.php(45): CodeIgniter\CodeIgniter->run()
#10 E:\coding\xampp\htdocs\php-codeigniter-4\vendor\codeigniter4\framework\system\Commands\Server\rewrite.php(34): require_once('E:\\coding\\xampp...')
#11 {main}
CRITICAL - 2020-07-07 08:25:46 --> No connection could be made because the target machine actively refused it.

#0 E:\coding\xampp\htdocs\php-codeigniter-4\vendor\codeigniter4\framework\system\Database\BaseConnection.php(377): CodeIgniter\Database\MySQLi\Connection->connect(false)
#1 E:\coding\xampp\htdocs\php-codeigniter-4\vendor\codeigniter4\framework\system\Database\BaseConnection.php(643): CodeIgniter\Database\BaseConnection->initialize()
#2 E:\coding\xampp\htdocs\php-codeigniter-4\vendor\codeigniter4\framework\system\Database\BaseBuilder.php(1845): CodeIgniter\Database\BaseConnection->query('SELECT *\nFROM `...', Array, false)
#3 E:\coding\xampp\htdocs\php-codeigniter-4\vendor\codeigniter4\framework\system\Model.php(445): CodeIgniter\Database\BaseBuilder->get()
#4 E:\coding\xampp\htdocs\php-codeigniter-4\app\Models\KomikModel.php(16): CodeIgniter\Model->findAll()
#5 E:\coding\xampp\htdocs\php-codeigniter-4\app\Controllers\Komik.php(21): App\Models\KomikModel->getKomik()
#6 E:\coding\xampp\htdocs\php-codeigniter-4\vendor\codeigniter4\framework\system\CodeIgniter.php(914): App\Controllers\Komik->index()
#7 E:\coding\xampp\htdocs\php-codeigniter-4\vendor\codeigniter4\framework\system\CodeIgniter.php(400): CodeIgniter\CodeIgniter->runController(Object(App\Controllers\Komik))
#8 E:\coding\xampp\htdocs\php-codeigniter-4\vendor\codeigniter4\framework\system\CodeIgniter.php(308): CodeIgniter\CodeIgniter->handleRequest(NULL, Object(Config\Cache), false)
#9 E:\coding\xampp\htdocs\php-codeigniter-4\public\index.php(45): CodeIgniter\CodeIgniter->run()
#10 E:\coding\xampp\htdocs\php-codeigniter-4\vendor\codeigniter4\framework\system\Commands\Server\rewrite.php(34): require_once('E:\\coding\\xampp...')
#11 {main}
CRITICAL - 2020-07-07 09:12:05 --> Trying to access array offset on value of type null
#0 E:\coding\xampp\htdocs\php-codeigniter-4\app\Views\komik\edit.php(8): CodeIgniter\Debug\Exceptions->errorHandler(8, 'Trying to acces...', 'E:\\coding\\xampp...', 8, Array)
#1 E:\coding\xampp\htdocs\php-codeigniter-4\vendor\codeigniter4\framework\system\View\View.php(246): include('E:\\coding\\xampp...')
#2 E:\coding\xampp\htdocs\php-codeigniter-4\vendor\codeigniter4\framework\system\Common.php(1087): CodeIgniter\View\View->render('komik/edit', Array, true)
#3 E:\coding\xampp\htdocs\php-codeigniter-4\app\Controllers\Komik.php(124): view('komik/edit', Array)
#4 E:\coding\xampp\htdocs\php-codeigniter-4\vendor\codeigniter4\framework\system\CodeIgniter.php(914): App\Controllers\Komik->edit('1')
#5 E:\coding\xampp\htdocs\php-codeigniter-4\vendor\codeigniter4\framework\system\CodeIgniter.php(400): CodeIgniter\CodeIgniter->runController(Object(App\Controllers\Komik))
#6 E:\coding\xampp\htdocs\php-codeigniter-4\vendor\codeigniter4\framework\system\CodeIgniter.php(308): CodeIgniter\CodeIgniter->handleRequest(NULL, Object(Config\Cache), false)
#7 E:\coding\xampp\htdocs\php-codeigniter-4\public\index.php(45): CodeIgniter\CodeIgniter->run()
#8 E:\coding\xampp\htdocs\php-codeigniter-4\vendor\codeigniter4\framework\system\Commands\Server\rewrite.php(34): require_once('E:\\coding\\xampp...')
#9 {main}
